<?xml version="1.0" encoding="UTF-8"?>
<!-- Generated by org.testng.reporters.JUnitXMLReporter -->
<testsuite ignored="0" hostname="Dawid" failures="0" tests="19" name="Surefire test" time="0.135" errors="0" timestamp="2026-07-24T21:40:06 CEST">
  <testcase classname="com.yourcompany.testdata.OracleValueGeneratorTest" name="testBigintGeneration" time="0.015"/>
  <testcase classname="com.yourcompany.testdata.OracleValueGeneratorTest" name="testBlobGeneration" time="0.0"/>
  <testcase classname="com.yourcompany.testdata.OracleValueGeneratorTest" name="testCharGeneration" time="0.01"/>
  <testcase classname="com.yourcompany.testdata.OracleValueGeneratorTest" name="testClobGeneration" time="0.051"/>
  <testcase classname="com.yourcompany.testdata.OracleValueGeneratorTest" name="testConcurrentGeneration" time="0.019"/>
  <testcase classname="com.yourcompany.testdata.OracleValueGeneratorTest" name="testDateGeneration" time="0.002"/>
  <testcase classname="com.yourcompany.testdata.OracleValueGeneratorTest" name="testDecimalWithScale" time="0.003"/>
  <testcase classname="com.yourcompany.testdata.OracleValueGeneratorTest" name="testDefaultFallback" time="0.0"/>
  <testcase classname="com.yourcompany.testdata.OracleValueGeneratorTest" name="testFloatGeneration" time="0.001"/>
  <testcase classname="com.yourcompany.testdata.OracleValueGeneratorTest" name="testIntegerGeneration" time="0.0"/>
  <testcase classname="com.yourcompany.testdata.OracleValueGeneratorTest" name="testNumericScaleZero" time="0.0"/>
  <testcase classname="com.yourcompany.testdata.OracleValueGeneratorTest" name="testNumericWithScale" time="0.0"/>
  <testcase classname="com.yourcompany.testdata.OracleValueGeneratorTest" name="testSqlXmlGeneration" time="0.0"/>
  <testcase classname="com.yourcompany.testdata.OracleValueGeneratorTest" name="testTimestampGeneration" time="0.0"/>
  <testcase classname="com.yourcompany.testdata.OracleValueGeneratorTest" name="testTimestampWithTimezone" time="0.0"/>
  <testcase classname="com.yourcompany.testdata.OracleValueGeneratorTest" name="testVarbinaryGeneration" time="0.0"/>
  <testcase classname="com.yourcompany.testdata.OracleValueGeneratorTest" name="testVarcharGeneration" time="0.001"/>
  <testcase classname="com.yourcompany.testdata.OracleValueGeneratorTest" name="testVarcharSmallSize" time="0.0"/>
  <testcase classname="com.yourcompany.testdata.OracleValueGeneratorTest" name="testVarcharZeroSize" time="0.0"/>
</testsuite> <!-- Surefire test -->
