<?xml version="1.0" encoding="UTF-8"?>
<testng-results ignored="0" total="19" passed="19" failed="0" skipped="0">
  <reporter-output>
  </reporter-output>
  <suite started-at="2026-07-24T21:40:06 CEST" name="Surefire suite" finished-at="2026-07-24T21:40:06 CEST" duration-ms="135">
    <groups>
    </groups>
    <test started-at="2026-07-24T21:40:06 CEST" name="Surefire test" finished-at="2026-07-24T21:40:06 CEST" duration-ms="135">
      <class name="com.yourcompany.testdata.OracleValueGeneratorTest">
        <test-method is-config="true" signature="setUp()[pri:0, instance:com.yourcompany.testdata.OracleValueGeneratorTest@5e316c74]" started-at="2026-07-24T21:40:06 CEST" name="setUp" finished-at="2026-07-24T21:40:06 CEST" duration-ms="9" status="PASS">
          <reporter-output>
          </reporter-output>
        </test-method> <!-- setUp -->
        <test-method signature="testBigintGeneration()[pri:0, instance:com.yourcompany.testdata.OracleValueGeneratorTest@5e316c74]" started-at="2026-07-24T21:40:06 CEST" name="testBigintGeneration" finished-at="2026-07-24T21:40:06 CEST" duration-ms="15" status="PASS">
          <reporter-output>
          </reporter-output>
        </test-method> <!-- testBigintGeneration -->
        <test-method signature="testCharGeneration()[pri:0, instance:com.yourcompany.testdata.OracleValueGeneratorTest@5e316c74]" started-at="2026-07-24T21:40:06 CEST" name="testCharGeneration" finished-at="2026-07-24T21:40:06 CEST" duration-ms="10" status="PASS">
          <reporter-output>
          </reporter-output>
        </test-method> <!-- testCharGeneration -->
        <test-method signature="testBlobGeneration()[pri:0, instance:com.yourcompany.testdata.OracleValueGeneratorTest@5e316c74]" started-at="2026-07-24T21:40:06 CEST" name="testBlobGeneration" finished-at="2026-07-24T21:40:06 CEST" duration-ms="0" status="PASS">
          <reporter-output>
          </reporter-output>
        </test-method> <!-- testBlobGeneration -->
        <test-method signature="testClobGeneration()[pri:0, instance:com.yourcompany.testdata.OracleValueGeneratorTest@5e316c74]" started-at="2026-07-24T21:40:06 CEST" name="testClobGeneration" finished-at="2026-07-24T21:40:06 CEST" duration-ms="51" status="PASS">
          <reporter-output>
          </reporter-output>
        </test-method> <!-- testClobGeneration -->
        <test-method signature="testConcurrentGeneration()[pri:0, instance:com.yourcompany.testdata.OracleValueGeneratorTest@5e316c74]" started-at="2026-07-24T21:40:06 CEST" name="testConcurrentGeneration" finished-at="2026-07-24T21:40:06 CEST" duration-ms="19" status="PASS">
          <reporter-output>
          </reporter-output>
        </test-method> <!-- testConcurrentGeneration -->
        <test-method signature="testDateGeneration()[pri:0, instance:com.yourcompany.testdata.OracleValueGeneratorTest@5e316c74]" started-at="2026-07-24T21:40:06 CEST" name="testDateGeneration" finished-at="2026-07-24T21:40:06 CEST" duration-ms="2" status="PASS">
          <reporter-output>
          </reporter-output>
        </test-method> <!-- testDateGeneration -->
        <test-method signature="testDecimalWithScale()[pri:0, instance:com.yourcompany.testdata.OracleValueGeneratorTest@5e316c74]" started-at="2026-07-24T21:40:06 CEST" name="testDecimalWithScale" finished-at="2026-07-24T21:40:06 CEST" duration-ms="3" status="PASS">
          <reporter-output>
          </reporter-output>
        </test-method> <!-- testDecimalWithScale -->
        <test-method signature="testDefaultFallback()[pri:0, instance:com.yourcompany.testdata.OracleValueGeneratorTest@5e316c74]" started-at="2026-07-24T21:40:06 CEST" name="testDefaultFallback" finished-at="2026-07-24T21:40:06 CEST" duration-ms="0" status="PASS">
          <reporter-output>
          </reporter-output>
        </test-method> <!-- testDefaultFallback -->
        <test-method signature="testFloatGeneration()[pri:0, instance:com.yourcompany.testdata.OracleValueGeneratorTest@5e316c74]" started-at="2026-07-24T21:40:06 CEST" name="testFloatGeneration" finished-at="2026-07-24T21:40:06 CEST" duration-ms="1" status="PASS">
          <reporter-output>
          </reporter-output>
        </test-method> <!-- testFloatGeneration -->
        <test-method signature="testNumericScaleZero()[pri:0, instance:com.yourcompany.testdata.OracleValueGeneratorTest@5e316c74]" started-at="2026-07-24T21:40:06 CEST" name="testNumericScaleZero" finished-at="2026-07-24T21:40:06 CEST" duration-ms="0" status="PASS">
          <reporter-output>
          </reporter-output>
        </test-method> <!-- testNumericScaleZero -->
        <test-method signature="testIntegerGeneration()[pri:0, instance:com.yourcompany.testdata.OracleValueGeneratorTest@5e316c74]" started-at="2026-07-24T21:40:06 CEST" name="testIntegerGeneration" finished-at="2026-07-24T21:40:06 CEST" duration-ms="0" status="PASS">
          <reporter-output>
          </reporter-output>
        </test-method> <!-- testIntegerGeneration -->
        <test-method signature="testNumericWithScale()[pri:0, instance:com.yourcompany.testdata.OracleValueGeneratorTest@5e316c74]" started-at="2026-07-24T21:40:06 CEST" name="testNumericWithScale" finished-at="2026-07-24T21:40:06 CEST" duration-ms="0" status="PASS">
          <reporter-output>
          </reporter-output>
        </test-method> <!-- testNumericWithScale -->
        <test-method signature="testTimestampGeneration()[pri:0, instance:com.yourcompany.testdata.OracleValueGeneratorTest@5e316c74]" started-at="2026-07-24T21:40:06 CEST" name="testTimestampGeneration" finished-at="2026-07-24T21:40:06 CEST" duration-ms="0" status="PASS">
          <reporter-output>
          </reporter-output>
        </test-method> <!-- testTimestampGeneration -->
        <test-method signature="testSqlXmlGeneration()[pri:0, instance:com.yourcompany.testdata.OracleValueGeneratorTest@5e316c74]" started-at="2026-07-24T21:40:06 CEST" name="testSqlXmlGeneration" finished-at="2026-07-24T21:40:06 CEST" duration-ms="0" status="PASS">
          <reporter-output>
          </reporter-output>
        </test-method> <!-- testSqlXmlGeneration -->
        <test-method signature="testVarbinaryGeneration()[pri:0, instance:com.yourcompany.testdata.OracleValueGeneratorTest@5e316c74]" started-at="2026-07-24T21:40:06 CEST" name="testVarbinaryGeneration" finished-at="2026-07-24T21:40:06 CEST" duration-ms="0" status="PASS">
          <reporter-output>
          </reporter-output>
        </test-method> <!-- testVarbinaryGeneration -->
        <test-method signature="testVarcharGeneration()[pri:0, instance:com.yourcompany.testdata.OracleValueGeneratorTest@5e316c74]" started-at="2026-07-24T21:40:06 CEST" name="testVarcharGeneration" finished-at="2026-07-24T21:40:06 CEST" duration-ms="1" status="PASS">
          <reporter-output>
          </reporter-output>
        </test-method> <!-- testVarcharGeneration -->
        <test-method signature="testTimestampWithTimezone()[pri:0, instance:com.yourcompany.testdata.OracleValueGeneratorTest@5e316c74]" started-at="2026-07-24T21:40:06 CEST" name="testTimestampWithTimezone" finished-at="2026-07-24T21:40:06 CEST" duration-ms="0" status="PASS">
          <reporter-output>
          </reporter-output>
        </test-method> <!-- testTimestampWithTimezone -->
        <test-method signature="testVarcharZeroSize()[pri:0, instance:com.yourcompany.testdata.OracleValueGeneratorTest@5e316c74]" started-at="2026-07-24T21:40:06 CEST" name="testVarcharZeroSize" finished-at="2026-07-24T21:40:06 CEST" duration-ms="0" status="PASS">
          <reporter-output>
          </reporter-output>
        </test-method> <!-- testVarcharZeroSize -->
        <test-method signature="testVarcharSmallSize()[pri:0, instance:com.yourcompany.testdata.OracleValueGeneratorTest@5e316c74]" started-at="2026-07-24T21:40:06 CEST" name="testVarcharSmallSize" finished-at="2026-07-24T21:40:06 CEST" duration-ms="0" status="PASS">
          <reporter-output>
          </reporter-output>
        </test-method> <!-- testVarcharSmallSize -->
      </class> <!-- com.yourcompany.testdata.OracleValueGeneratorTest -->
    </test> <!-- Surefire test -->
  </suite> <!-- Surefire suite -->
</testng-results>
