<?xml version="1.0" encoding="UTF-8"?>
<testsuite xmlns:xsi="http://www.w3.org/2001/XMLSchema-instance" xsi:noNamespaceSchemaLocation="https://maven.apache.org/surefire/maven-surefire-plugin/xsd/surefire-test-report-3.0.xsd" version="3.0" name="com.yourcompany.testdata.OracleValueGeneratorTest" time="0.374" tests="19" errors="0" skipped="0" failures="0">
  <properties>
[...]
</properties>
  <testcase name="testBigintGeneration" classname="com.yourcompany.testdata.OracleValueGeneratorTest" time="0.016">
    <system-err><![CDATA[SLF4J(W): No SLF4J providers were found.
SLF4J(W): Defaulting to no-operation (NOP) logger implementation
SLF4J(W): See https://www.slf4j.org/codes.html#noProviders for further details.
]]></system-err>
  </testcase>
  <testcase name="testBlobGeneration" classname="com.yourcompany.testdata.OracleValueGeneratorTest" time="0.0"/>
  <testcase name="testCharGeneration" classname="com.yourcompany.testdata.OracleValueGeneratorTest" time="0.009"/>
  <testcase name="testClobGeneration" classname="com.yourcompany.testdata.OracleValueGeneratorTest" time="0.05"/>
  <testcase name="testConcurrentGeneration" classname="com.yourcompany.testdata.OracleValueGeneratorTest" time="0.019"/>
  <testcase name="testDateGeneration" classname="com.yourcompany.testdata.OracleValueGeneratorTest" time="0.001"/>
  <testcase name="testDecimalWithScale" classname="com.yourcompany.testdata.OracleValueGeneratorTest" time="0.002"/>
  <testcase name="testDefaultFallback" classname="com.yourcompany.testdata.OracleValueGeneratorTest" time="0.0"/>
  <testcase name="testFloatGeneration" classname="com.yourcompany.testdata.OracleValueGeneratorTest" time="0.001"/>
  <testcase name="testIntegerGeneration" classname="com.yourcompany.testdata.OracleValueGeneratorTest" time="0.0"/>
  <testcase name="testNumericScaleZero" classname="com.yourcompany.testdata.OracleValueGeneratorTest" time="0.0"/>
  <testcase name="testNumericWithScale" classname="com.yourcompany.testdata.OracleValueGeneratorTest" time="0.001"/>
  <testcase name="testSqlXmlGeneration" classname="com.yourcompany.testdata.OracleValueGeneratorTest" time="0.0"/>
  <testcase name="testTimestampGeneration" classname="com.yourcompany.testdata.OracleValueGeneratorTest" time="0.001"/>
  <testcase name="testTimestampWithTimezone" classname="com.yourcompany.testdata.OracleValueGeneratorTest" time="0.0"/>
  <testcase name="testVarbinaryGeneration" classname="com.yourcompany.testdata.OracleValueGeneratorTest" time="0.0"/>
  <testcase name="testVarcharGeneration" classname="com.yourcompany.testdata.OracleValueGeneratorTest" time="0.0"/>
  <testcase name="testVarcharSmallSize" classname="com.yourcompany.testdata.OracleValueGeneratorTest" time="0.0"/>
  <testcase name="testVarcharZeroSize" classname="com.yourcompany.testdata.OracleValueGeneratorTest" time="0.001"/>
</testsuite>